<?xml version="1.0" encoding="UTF-8"?>
<!-- Generated by org.testng.reporters.JUnitReportReporter -->
<testsuite hostname="DESKTOP-A9J271L" failures="0" tests="1" name="cucumber.TestNGTestRunner" time="27.000" errors="0" timestamp="2023-01-31T17:30:13 IST" skipped="0">
  <testcase classname="cucumber.TestNGTestRunner" name="runScenario" time="27.000"/>
  <system-out/>
</testsuite> <!-- cucumber.TestNGTestRunner -->
