<?xml version="1.0" encoding="UTF-8"?>
<!-- Generated by org.testng.reporters.JUnitReportReporter -->
<testsuite hostname="DESKTOP-A9J271L" failures="0" tests="1" name="groupid.LetsShop.PlaceOrder" time="13.053" errors="0" timestamp="2023-01-05T19:08:10 IST" skipped="0">
  <testcase classname="groupid.LetsShop.PlaceOrder" name="placeorder" time="13.053"/>
  <system-out/>
</testsuite> <!-- groupid.LetsShop.PlaceOrder -->
