<?xml version="1.0" encoding="UTF-8"?>
<!-- Generated by org.testng.reporters.JUnitReportReporter -->
<testsuite hostname="DESKTOP-A9J271L" failures="0" tests="1" name="groupid.LetsShop.ErrorValidations" time="14.230" errors="0" timestamp="2023-01-06T12:43:10 IST" skipped="0">
  <testcase classname="groupid.LetsShop.ErrorValidations" name="LoginErrorValidation" time="14.230"/>
  <system-out/>
</testsuite> <!-- groupid.LetsShop.ErrorValidations -->
