<?xml version="1.0" encoding="UTF-8"?>
<!-- Generated by org.testng.reporters.JUnitReportReporter -->
<testsuite hostname="DESKTOP-A9J271L" failures="0" tests="2" name="groupid.LetsShop.PlaceOrderTest" time="56.127" errors="0" timestamp="2023-01-18T17:23:13 IST" skipped="0">
  <testcase classname="groupid.LetsShop.PlaceOrderTest" name="placeorder" time="13.409"/>
  <system-out/>
  <testcase classname="groupid.LetsShop.PlaceOrderTest" name="placeorder" time="42.718"/>
  <system-out/>
</testsuite> <!-- groupid.LetsShop.PlaceOrderTest -->
