<?xml version="1.0" encoding="UTF-8"?>
<!-- Generated by org.testng.reporters.JUnitReportReporter -->
<testsuite hostname="DESKTOP-A9J271L" failures="0" tests="1" name="cucumber.TestNGTestRunner" time="45.809" errors="0" timestamp="2023-02-01T15:57:53 IST" skipped="0">
  <testcase classname="cucumber.TestNGTestRunner" name="runScenario" time="45.809"/>
  <system-out/>
</testsuite> <!-- cucumber.TestNGTestRunner -->
