<?xml version="1.0" encoding="UTF-8"?>
<!-- Generated by org.testng.reporters.JUnitReportReporter -->
<testsuite hostname="DESKTOP-A9J271L" failures="0" tests="2" name="groupid.LetsShop.PlaceOrderTest" time="90.053" errors="0" timestamp="2023-01-18T17:19:34 IST" skipped="0">
  <testcase classname="groupid.LetsShop.PlaceOrderTest" name="placeorder" time="73.093"/>
  <system-out/>
  <testcase classname="groupid.LetsShop.PlaceOrderTest" name="placeorder" time="16.960"/>
  <system-out/>
</testsuite> <!-- groupid.LetsShop.PlaceOrderTest -->
